<?xml version="1.0" encoding="UTF-8"?>
<!-- Generated by org.testng.reporters.JUnitReportReporter -->
<testsuite skipped="0" hostname="DELL-PC" name="com.sauce.SauceDemo.SauceLabs" tests="4" failures="0" timestamp="2021-09-16T15:45:34 IST" time="32.654" errors="0">
  <testcase name="ProductDetails_Validation" time="9.053" classname="com.sauce.SauceDemo.SauceLabs"/>
  <testcase name="Product_Availability" time="7.477" classname="com.sauce.SauceDemo.SauceLabs"/>
  <testcase name="ProductPrice_Validation" time="8.850" classname="com.sauce.SauceDemo.SauceLabs"/>
  <testcase name="ErrorMessage_Validation" time="7.274" classname="com.sauce.SauceDemo.SauceLabs"/>
</testsuite> <!-- com.sauce.SauceDemo.SauceLabs -->
